<?xml version="1.0" encoding="UTF-8"?>
<!-- Generated by org.testng.reporters.JUnitReportReporter -->
<testsuite hostname="HYDNB059" failures="0" tests="1" name="com.inetbanking.testCases.TC_AddCustomerTest_003" time="20.054" errors="0" timestamp="25 Aug 2020 13:36:59 GMT" skipped="0">
  <testcase classname="com.inetbanking.testCases.TC_AddCustomerTest_003" name="addNewCustomer" time="20.054"/>
</testsuite> <!-- com.inetbanking.testCases.TC_AddCustomerTest_003 -->
